<?xml version="1.0" encoding="UTF-8"?>
<!-- Generated by org.testng.reporters.JUnitXMLReporter -->
<testsuite hostname="ip-172-31-4-59" ignored="0" name="Test" tests="4" failures="0" timestamp="2021-02-25T07:18:52 UTC" time="5.616" errors="0">
  <testcase name="lunchChrome" time="2.053" classname="test.CrossBrowser"/>
  <testcase name="lunchFirefox" time="4.73" classname="test.CrossBrowser"/>
  <testcase name="testcase1" time="2.775" classname="test.CrossBrowser"/>
  <testcase name="testcase2" time="0.818" classname="test.CrossBrowser"/>
</testsuite> <!-- Test -->
